INFO: [VRFC 10-2263] Analyzing Verilog file "C:/Users/Nathaniel/Documents/_nrod968/School/ECE-369A/lab9-15/lab9-15.srcs/sources_1/new/Datapath.v" into library xil_defaultlib
INFO: [VRFC 10-311] analyzing module Datapath
INFO: [VRFC 10-2458] undeclared symbol RegDst_MEM, assumed default net type wire [C:/Users/Nathaniel/Documents/_nrod968/School/ECE-369A/lab9-15/lab9-15.srcs/sources_1/new/Datapath.v:76]
INFO: [VRFC 10-2458] undeclared symbol bne_MEM, assumed default net type wire [C:/Users/Nathaniel/Documents/_nrod968/School/ECE-369A/lab9-15/lab9-15.srcs/sources_1/new/Datapath.v:78]
INFO: [VRFC 10-2458] undeclared symbol bgez_MEM, assumed default net type wire [C:/Users/Nathaniel/Documents/_nrod968/School/ECE-369A/lab9-15/lab9-15.srcs/sources_1/new/Datapath.v:78]
INFO: [VRFC 10-2458] undeclared symbol bgtz_MEM, assumed default net type wire [C:/Users/Nathaniel/Documents/_nrod968/School/ECE-369A/lab9-15/lab9-15.srcs/sources_1/new/Datapath.v:78]
INFO: [VRFC 10-2458] undeclared symbol branch_MEM, assumed default net type wire [C:/Users/Nathaniel/Documents/_nrod968/School/ECE-369A/lab9-15/lab9-15.srcs/sources_1/new/Datapath.v:78]
INFO: [VRFC 10-2458] undeclared symbol ALUResult_WB, assumed default net type wire [C:/Users/Nathaniel/Documents/_nrod968/School/ECE-369A/lab9-15/lab9-15.srcs/sources_1/new/Datapath.v:80]
INFO: [VRFC 10-2263] Analyzing Verilog file "C:/Users/Nathaniel/Documents/_nrod968/School/ECE-369A/lab9-15/lab9-15.srcs/sources_1/new/ALU32Bit.v" into library xil_defaultlib
INFO: [VRFC 10-311] analyzing module ALU32Bit
INFO: [VRFC 10-2263] Analyzing Verilog file "C:/Users/Nathaniel/Documents/_nrod968/School/ECE-369A/lab9-15/lab9-15.srcs/sources_1/new/ALUControl.v" into library xil_defaultlib
INFO: [VRFC 10-311] analyzing module ALUControl
INFO: [VRFC 10-2263] Analyzing Verilog file "C:/Users/Nathaniel/Documents/_nrod968/School/ECE-369A/lab9-15/lab9-15.srcs/sources_1/new/Adder.v" into library xil_defaultlib
INFO: [VRFC 10-311] analyzing module Adder
INFO: [VRFC 10-2263] Analyzing Verilog file "C:/Users/Nathaniel/Documents/_nrod968/School/ECE-369A/lab9-15/lab9-15.srcs/sources_1/new/Control.v" into library xil_defaultlib
INFO: [VRFC 10-311] analyzing module Control
INFO: [VRFC 10-2263] Analyzing Verilog file "C:/Users/Nathaniel/Documents/_nrod968/School/ECE-369A/lab9-15/lab9-15.srcs/sources_1/new/DataMemory.v" into library xil_defaultlib
INFO: [VRFC 10-311] analyzing module DataMemory
INFO: [VRFC 10-2263] Analyzing Verilog file "C:/Users/Nathaniel/Documents/_nrod968/School/ECE-369A/lab9-15/lab9-15.srcs/sources_1/new/EXMEMReg.v" into library xil_defaultlib
INFO: [VRFC 10-311] analyzing module EXMEMReg
INFO: [VRFC 10-2263] Analyzing Verilog file "C:/Users/Nathaniel/Documents/_nrod968/School/ECE-369A/lab9-15/lab9-15.srcs/sources_1/new/HiLoRegisters.v" into library xil_defaultlib
INFO: [VRFC 10-311] analyzing module HiLoRegisters
INFO: [VRFC 10-2263] Analyzing Verilog file "C:/Users/Nathaniel/Documents/_nrod968/School/ECE-369A/lab9-15/lab9-15.srcs/sources_1/new/IDEXReg.v" into library xil_defaultlib
INFO: [VRFC 10-311] analyzing module IDEXReg
INFO: [VRFC 10-2263] Analyzing Verilog file "C:/Users/Nathaniel/Documents/_nrod968/School/ECE-369A/lab9-15/lab9-15.srcs/sources_1/new/IFIDReg.v" into library xil_defaultlib
INFO: [VRFC 10-311] analyzing module IFIDReg
INFO: [VRFC 10-2263] Analyzing Verilog file "C:/Users/Nathaniel/Documents/_nrod968/School/ECE-369A/lab9-15/lab9-15.srcs/sources_1/new/MEMWBReg.v" into library xil_defaultlib
INFO: [VRFC 10-311] analyzing module MEMWBReg
INFO: [VRFC 10-2263] Analyzing Verilog file "C:/Users/Nathaniel/Documents/_nrod968/School/ECE-369A/lab9-15/lab9-15.srcs/sources_1/new/Mux32Bit2To1.v" into library xil_defaultlib
INFO: [VRFC 10-311] analyzing module Mux32Bit2To1
INFO: [VRFC 10-2263] Analyzing Verilog file "C:/Users/Nathaniel/Documents/_nrod968/School/ECE-369A/lab9-15/lab9-15.srcs/sources_1/new/Mux32Bit4To1.v" into library xil_defaultlib
INFO: [VRFC 10-311] analyzing module Mux32Bit4To1
INFO: [VRFC 10-2263] Analyzing Verilog file "C:/Users/Nathaniel/Documents/_nrod968/School/ECE-369A/lab9-15/lab9-15.srcs/sources_1/new/ProgramCounter.v" into library xil_defaultlib
INFO: [VRFC 10-311] analyzing module ProgramCounter
INFO: [VRFC 10-2263] Analyzing Verilog file "C:/Users/Nathaniel/Documents/_nrod968/School/ECE-369A/lab9-15/lab9-15.srcs/sources_1/new/RegisterFile.v" into library xil_defaultlib
INFO: [VRFC 10-311] analyzing module RegisterFile
INFO: [VRFC 10-2263] Analyzing Verilog file "C:/Users/Nathaniel/Documents/_nrod968/School/ECE-369A/lab9-15/lab9-15.srcs/sources_1/new/Shifter.v" into library xil_defaultlib
INFO: [VRFC 10-311] analyzing module Shifter
INFO: [VRFC 10-2263] Analyzing Verilog file "C:/Users/Nathaniel/Documents/_nrod968/School/ECE-369A/lab9-15/lab9-15.srcs/sources_1/new/SignExtension.v" into library xil_defaultlib
INFO: [VRFC 10-311] analyzing module SignExtension
INFO: [VRFC 10-2263] Analyzing Verilog file "C:/Users/Nathaniel/Documents/_nrod968/School/ECE-369A/lab9-15/lab9-15.srcs/sources_1/new/InstructionMemory.v" into library xil_defaultlib
INFO: [VRFC 10-311] analyzing module InstructionMemory
INFO: [VRFC 10-2263] Analyzing Verilog file "C:/Users/Nathaniel/Documents/_nrod968/School/ECE-369A/lab9-15/lab9-15.srcs/sources_1/new/CombLogicForBranching.v" into library xil_defaultlib
INFO: [VRFC 10-311] analyzing module CombLogicForBranching
INFO: [VRFC 10-2263] Analyzing Verilog file "C:/Users/Nathaniel/Documents/_nrod968/School/ECE-369A/lab9-15/lab9-15.srcs/sources_1/new/PCAdder.v" into library xil_defaultlib
INFO: [VRFC 10-311] analyzing module PCAdder
INFO: [VRFC 10-2263] Analyzing Verilog file "C:/Users/Nathaniel/Documents/_nrod968/School/ECE-369A/lab9-15/lab9-15.srcs/sim_1/new/ALU32Bit_tb.v" into library xil_defaultlib
INFO: [VRFC 10-311] analyzing module ALU32Bit_tb
WARNING: [VRFC 10-526] concatenation with unsized literal; will interpret as 32 bits [C:/Users/Nathaniel/Documents/_nrod968/School/ECE-369A/lab9-15/lab9-15.srcs/sim_1/new/ALU32Bit_tb.v:317]
WARNING: [VRFC 10-526] concatenation with unsized literal; will interpret as 32 bits [C:/Users/Nathaniel/Documents/_nrod968/School/ECE-369A/lab9-15/lab9-15.srcs/sim_1/new/ALU32Bit_tb.v:322]
WARNING: [VRFC 10-526] concatenation with unsized literal; will interpret as 32 bits [C:/Users/Nathaniel/Documents/_nrod968/School/ECE-369A/lab9-15/lab9-15.srcs/sim_1/new/ALU32Bit_tb.v:327]
WARNING: [VRFC 10-526] concatenation with unsized literal; will interpret as 32 bits [C:/Users/Nathaniel/Documents/_nrod968/School/ECE-369A/lab9-15/lab9-15.srcs/sim_1/new/ALU32Bit_tb.v:332]
INFO: [VRFC 10-2263] Analyzing Verilog file "C:/Users/Nathaniel/Documents/_nrod968/School/ECE-369A/lab9-15/lab9-15.srcs/sim_1/new/Mux32Bit2To1_tb.v" into library xil_defaultlib
INFO: [VRFC 10-311] analyzing module Mux32Bit2To1_tb
INFO: [VRFC 10-2263] Analyzing Verilog file "C:/Users/Nathaniel/Documents/_nrod968/School/ECE-369A/lab9-15/lab9-15.srcs/sim_1/new/DataMemory_tb.v" into library xil_defaultlib
INFO: [VRFC 10-311] analyzing module DataMemory_tb
INFO: [VRFC 10-2263] Analyzing Verilog file "C:/Users/Nathaniel/Documents/_nrod968/School/ECE-369A/lab9-15/lab9-15.srcs/sim_1/new/SignExtension_tb.v" into library xil_defaultlib
INFO: [VRFC 10-311] analyzing module SignExtension_tb
INFO: [VRFC 10-2263] Analyzing Verilog file "C:/Users/Nathaniel/Documents/_nrod968/School/ECE-369A/lab9-15/lab9-15.srcs/sim_1/new/RegisterFile_tb.v" into library xil_defaultlib
INFO: [VRFC 10-311] analyzing module RegisterFile_tb
INFO: [VRFC 10-2263] Analyzing Verilog file "C:/Users/Nathaniel/Documents/_nrod968/School/ECE-369A/lab9-15/lab9-15.srcs/sim_1/new/Datapath_tb.v" into library xil_defaultlib
INFO: [VRFC 10-311] analyzing module Datapath_tb
