Vivado Simulator 2018.2
Copyright 1986-1999, 2001-2018 Xilinx, Inc. All Rights Reserved.
Running: C:/Xilinx/Vivado/2018.2/bin/unwrapped/win64.o/xelab.exe -wto 59cdc6770c8c49f7b1f3d38ce1d809c6 --incr --debug typical --relax --mt 2 -L xil_defaultlib -L unisims_ver -L secureip --snapshot InstructionFetchUnit_tb_func_impl xil_defaultlib.InstructionFetchUnit_tb xil_defaultlib.glbl -log elaborate.log 
Using 2 slave threads.
Starting static elaboration
Completed static elaboration
Starting simulation data flow analysis
Completed simulation data flow analysis
Time Resolution for simulation is 1ps
Compiling module unisims_ver.BUFG
Compiling module unisims_ver.IBUF
Compiling module unisims_ver.OBUF
Compiling module unisims_ver.CARRY4
Compiling module unisims_ver.x_lut1_mux2
Compiling module unisims_ver.LUT1
Compiling module xil_defaultlib.PCAdder
Compiling module unisims_ver.GND
Compiling module unisims_ver.x_lut2_mux4
Compiling module unisims_ver.LUT2
Compiling module unisims_ver.x_lut3_mux8
Compiling module unisims_ver.LUT3
Compiling module unisims_ver.LUT4
Compiling module unisims_ver.LUT5
Compiling module unisims_ver.LUT6
Compiling module unisims_ver.MUXF7
Compiling module xil_defaultlib.InstructionMemory
Compiling module unisims_ver.FDRE_default
Compiling module xil_defaultlib.ProgramCounter
Compiling module xil_defaultlib.InstructionFetchUnit
Compiling module xil_defaultlib.InstructionFetchUnit_tb
Compiling module xil_defaultlib.glbl
Built simulation snapshot InstructionFetchUnit_tb_func_impl
