Copyright 1986-2019 Xilinx, Inc. All Rights Reserved.
----------------------------------------------------------------------------------------------------------------------------------------------
| Tool Version     : Vivado v.2019.2.1 (win64) Build 2729669 Thu Dec  5 04:49:17 MST 2019
| Date             : Wed Oct 27 15:03:10 2021
| Host             : DESKTOP-PTFOBS4 running 64-bit major release  (build 9200)
| Command          : report_power -file Datapath_power_routed.rpt -pb Datapath_power_summary_routed.pb -rpx Datapath_power_routed.rpx
| Design           : Datapath
| Device           : xc7a100tcsg324-1
| Design State     : routed
| Grade            : commercial
| Process          : typical
| Characterization : Production
----------------------------------------------------------------------------------------------------------------------------------------------

Power Report

Table of Contents
-----------------
1. Summary
1.1 On-Chip Components
1.2 Power Supply Summary
1.3 Confidence Level
2. Settings
2.1 Environment
2.2 Clock Constraints
3. Detailed Reports
3.1 By Hierarchy

1. Summary
----------

+--------------------------+----------------------------------+
| Total On-Chip Power (W)  | 66.725 (Junction temp exceeded!) |
| Design Power Budget (W)  | Unspecified*                     |
| Power Budget Margin (W)  | NA                               |
| Dynamic (W)              | 65.941                           |
| Device Static (W)        | 0.784                            |
| Effective TJA (C/W)      | 4.6                              |
| Max Ambient (C)          | 0.0                              |
| Junction Temperature (C) | 125.0                            |
| Confidence Level         | Low                              |
| Setting File             | ---                              |
| Simulation Activity File | ---                              |
| Design Nets Matched      | NA                               |
+--------------------------+----------------------------------+
* Specify Design Power Budget using, set_operating_conditions -design_power_budget <value in Watts>


1.1 On-Chip Components
----------------------

+--------------------------+-----------+----------+-----------+-----------------+
| On-Chip                  | Power (W) | Used     | Available | Utilization (%) |
+--------------------------+-----------+----------+-----------+-----------------+
| Slice Logic              |    25.690 |     3808 |       --- |             --- |
|   LUT as Logic           |    20.173 |     1796 |     63400 |            2.83 |
|   LUT as Distributed RAM |     3.901 |      512 |     19000 |            2.69 |
|   CARRY4                 |     0.680 |      100 |     15850 |            0.63 |
|   F7/F8 Muxes            |     0.665 |      523 |     63400 |            0.82 |
|   Register               |     0.259 |      677 |    126800 |            0.53 |
|   BUFG                   |     0.011 |        3 |        32 |            9.38 |
|   Others                 |     0.000 |       20 |       --- |             --- |
| Signals                  |    31.313 |     3044 |       --- |             --- |
| Block RAM                |     0.328 |        1 |       135 |            0.74 |
| DSPs                     |     8.606 |       10 |       240 |            4.17 |
| I/O                      |     0.004 |        2 |       210 |            0.95 |
| Static Power             |     0.784 |          |           |                 |
| Total                    |    66.725 |          |           |                 |
+--------------------------+-----------+----------+-----------+-----------------+


1.2 Power Supply Summary
------------------------

+-----------+-------------+-----------+-------------+------------+-------------+------------+
| Source    | Voltage (V) | Total (A) | Dynamic (A) | Static (A) | Budget (A)  | Margin (A) |
+-----------+-------------+-----------+-------------+------------+-------------+------------+
| Vccint    |       1.000 |    66.494 |      65.931 |      0.563 | Unspecified | NA         |
| Vccaux    |       1.800 |     0.093 |       0.000 |      0.093 | Unspecified | NA         |
| Vcco33    |       3.300 |     0.000 |       0.000 |      0.000 | Unspecified | NA         |
| Vcco25    |       2.500 |     0.000 |       0.000 |      0.000 | Unspecified | NA         |
| Vcco18    |       1.800 |     0.000 |       0.000 |      0.000 | Unspecified | NA         |
| Vcco15    |       1.500 |     0.000 |       0.000 |      0.000 | Unspecified | NA         |
| Vcco135   |       1.350 |     0.000 |       0.000 |      0.000 | Unspecified | NA         |
| Vcco12    |       1.200 |     0.000 |       0.000 |      0.000 | Unspecified | NA         |
| Vccaux_io |       1.800 |     0.000 |       0.000 |      0.000 | Unspecified | NA         |
| Vccbram   |       1.000 |     0.028 |       0.010 |      0.018 | Unspecified | NA         |
| MGTAVcc   |       1.000 |     0.000 |       0.000 |      0.000 | Unspecified | NA         |
| MGTAVtt   |       1.200 |     0.000 |       0.000 |      0.000 | Unspecified | NA         |
| Vccadc    |       1.800 |     0.020 |       0.000 |      0.020 | Unspecified | NA         |
+-----------+-------------+-----------+-------------+------------+-------------+------------+


1.3 Confidence Level
--------------------

+-----------------------------+------------+--------------------------------------------------------+--------------------------------------------------------------------------------------------------------------------+
| User Input Data             | Confidence | Details                                                | Action                                                                                                             |
+-----------------------------+------------+--------------------------------------------------------+--------------------------------------------------------------------------------------------------------------------+
| Design implementation state | High       | Design is routed                                       |                                                                                                                    |
| Clock nodes activity        | Low        | User specified less than 75% of clocks                 | Provide missing clock activity with a constraint file, simulation results or by editing the "By Clock Domain" view |
| I/O nodes activity          | Low        | More than 75% of inputs are missing user specification | Provide missing input activity with simulation results or by editing the "By Resource Type -> I/Os" view           |
| Internal nodes activity     | Medium     | User specified less than 25% of internal nodes         | Provide missing internal nodes activity with simulation results or by editing the "By Resource Type" views         |
| Device models               | High       | Device models are Production                           |                                                                                                                    |
|                             |            |                                                        |                                                                                                                    |
| Overall confidence level    | Low        |                                                        |                                                                                                                    |
+-----------------------------+------------+--------------------------------------------------------+--------------------------------------------------------------------------------------------------------------------+


2. Settings
-----------

2.1 Environment
---------------

+-----------------------+--------------------------+
| Ambient Temp (C)      | 25.0                     |
| ThetaJA (C/W)         | 4.6                      |
| Airflow (LFM)         | 250                      |
| Heat Sink             | medium (Medium Profile)  |
| ThetaSA (C/W)         | 4.6                      |
| Board Selection       | medium (10"x10")         |
| # of Board Layers     | 12to15 (12 to 15 Layers) |
| Board Temperature (C) | 25.0                     |
+-----------------------+--------------------------+


2.2 Clock Constraints
---------------------

+-------+--------+-----------------+
| Clock | Domain | Constraint (ns) |
+-------+--------+-----------------+


3. Detailed Reports
-------------------

3.1 By Hierarchy
----------------

+-------------------------------+-----------+
| Name                          | Power (W) |
+-------------------------------+-----------+
| Datapath                      |    65.941 |
|   alu                         |    35.196 |
|   alu_control                 |     0.704 |
|   alu_src_a                   |     4.054 |
|   alu_src_b                   |     4.314 |
|   branch_logic                |     0.016 |
|   control                     |     0.268 |
|   data_mem                    |     9.705 |
|     memory_reg_0_255_0_0      |     0.040 |
|     memory_reg_0_255_10_10    |     0.042 |
|     memory_reg_0_255_11_11    |     0.040 |
|     memory_reg_0_255_12_12    |     0.043 |
|     memory_reg_0_255_13_13    |     0.038 |
|     memory_reg_0_255_14_14    |     0.038 |
|     memory_reg_0_255_15_15    |     0.042 |
|     memory_reg_0_255_16_16    |     0.042 |
|     memory_reg_0_255_17_17    |     0.042 |
|     memory_reg_0_255_18_18    |     0.040 |
|     memory_reg_0_255_19_19    |     0.038 |
|     memory_reg_0_255_1_1      |     0.040 |
|     memory_reg_0_255_20_20    |     0.045 |
|     memory_reg_0_255_21_21    |     0.045 |
|     memory_reg_0_255_22_22    |     0.040 |
|     memory_reg_0_255_23_23    |     0.040 |
|     memory_reg_0_255_24_24    |     0.043 |
|     memory_reg_0_255_25_25    |     0.038 |
|     memory_reg_0_255_26_26    |     0.040 |
|     memory_reg_0_255_27_27    |     0.038 |
|     memory_reg_0_255_28_28    |     0.040 |
|     memory_reg_0_255_29_29    |     0.040 |
|     memory_reg_0_255_2_2      |     0.044 |
|     memory_reg_0_255_30_30    |     0.038 |
|     memory_reg_0_255_31_31    |     0.039 |
|     memory_reg_0_255_3_3      |     0.038 |
|     memory_reg_0_255_4_4      |     0.044 |
|     memory_reg_0_255_5_5      |     0.040 |
|     memory_reg_0_255_6_6      |     0.040 |
|     memory_reg_0_255_7_7      |     0.038 |
|     memory_reg_0_255_8_8      |     0.042 |
|     memory_reg_0_255_9_9      |     0.046 |
|     memory_reg_256_511_0_0    |     0.044 |
|     memory_reg_256_511_10_10  |     0.042 |
|     memory_reg_256_511_11_11  |     0.041 |
|     memory_reg_256_511_12_12  |     0.045 |
|     memory_reg_256_511_13_13  |     0.041 |
|     memory_reg_256_511_14_14  |     0.040 |
|     memory_reg_256_511_15_15  |     0.040 |
|     memory_reg_256_511_16_16  |     0.046 |
|     memory_reg_256_511_17_17  |     0.041 |
|     memory_reg_256_511_18_18  |     0.041 |
|     memory_reg_256_511_19_19  |     0.041 |
|     memory_reg_256_511_1_1    |     0.043 |
|     memory_reg_256_511_20_20  |     0.039 |
|     memory_reg_256_511_21_21  |     0.042 |
|     memory_reg_256_511_22_22  |     0.039 |
|     memory_reg_256_511_23_23  |     0.041 |
|     memory_reg_256_511_24_24  |     0.043 |
|     memory_reg_256_511_25_25  |     0.041 |
|     memory_reg_256_511_26_26  |     0.039 |
|     memory_reg_256_511_27_27  |     0.042 |
|     memory_reg_256_511_28_28  |     0.048 |
|     memory_reg_256_511_29_29  |     0.045 |
|     memory_reg_256_511_2_2    |     0.039 |
|     memory_reg_256_511_30_30  |     0.042 |
|     memory_reg_256_511_31_31  |     0.044 |
|     memory_reg_256_511_3_3    |     0.046 |
|     memory_reg_256_511_4_4    |     0.041 |
|     memory_reg_256_511_5_5    |     0.046 |
|     memory_reg_256_511_6_6    |     0.042 |
|     memory_reg_256_511_7_7    |     0.041 |
|     memory_reg_256_511_8_8    |     0.044 |
|     memory_reg_256_511_9_9    |     0.041 |
|     memory_reg_512_767_0_0    |     0.044 |
|     memory_reg_512_767_10_10  |     0.042 |
|     memory_reg_512_767_11_11  |     0.044 |
|     memory_reg_512_767_12_12  |     0.041 |
|     memory_reg_512_767_13_13  |     0.046 |
|     memory_reg_512_767_14_14  |     0.046 |
|     memory_reg_512_767_15_15  |     0.042 |
|     memory_reg_512_767_16_16  |     0.043 |
|     memory_reg_512_767_17_17  |     0.042 |
|     memory_reg_512_767_18_18  |     0.041 |
|     memory_reg_512_767_19_19  |     0.045 |
|     memory_reg_512_767_1_1    |     0.039 |
|     memory_reg_512_767_20_20  |     0.041 |
|     memory_reg_512_767_21_21  |     0.039 |
|     memory_reg_512_767_22_22  |     0.041 |
|     memory_reg_512_767_23_23  |     0.042 |
|     memory_reg_512_767_24_24  |     0.045 |
|     memory_reg_512_767_25_25  |     0.047 |
|     memory_reg_512_767_26_26  |     0.047 |
|     memory_reg_512_767_27_27  |     0.042 |
|     memory_reg_512_767_28_28  |     0.044 |
|     memory_reg_512_767_29_29  |     0.041 |
|     memory_reg_512_767_2_2    |     0.041 |
|     memory_reg_512_767_30_30  |     0.044 |
|     memory_reg_512_767_31_31  |     0.044 |
|     memory_reg_512_767_3_3    |     0.041 |
|     memory_reg_512_767_4_4    |     0.039 |
|     memory_reg_512_767_5_5    |     0.041 |
|     memory_reg_512_767_6_6    |     0.043 |
|     memory_reg_512_767_7_7    |     0.041 |
|     memory_reg_512_767_8_8    |     0.043 |
|     memory_reg_512_767_9_9    |     0.041 |
|     memory_reg_768_1023_0_0   |     0.043 |
|     memory_reg_768_1023_10_10 |     0.044 |
|     memory_reg_768_1023_11_11 |     0.044 |
|     memory_reg_768_1023_12_12 |     0.039 |
|     memory_reg_768_1023_13_13 |     0.047 |
|     memory_reg_768_1023_14_14 |     0.042 |
|     memory_reg_768_1023_15_15 |     0.043 |
|     memory_reg_768_1023_16_16 |     0.039 |
|     memory_reg_768_1023_17_17 |     0.042 |
|     memory_reg_768_1023_18_18 |     0.039 |
|     memory_reg_768_1023_19_19 |     0.041 |
|     memory_reg_768_1023_1_1   |     0.046 |
|     memory_reg_768_1023_20_20 |     0.043 |
|     memory_reg_768_1023_21_21 |     0.041 |
|     memory_reg_768_1023_22_22 |     0.045 |
|     memory_reg_768_1023_23_23 |     0.044 |
|     memory_reg_768_1023_24_24 |     0.045 |
|     memory_reg_768_1023_25_25 |     0.045 |
|     memory_reg_768_1023_26_26 |     0.041 |
|     memory_reg_768_1023_27_27 |     0.043 |
|     memory_reg_768_1023_28_28 |     0.044 |
|     memory_reg_768_1023_29_29 |     0.039 |
|     memory_reg_768_1023_2_2   |     0.041 |
|     memory_reg_768_1023_30_30 |     0.045 |
|     memory_reg_768_1023_31_31 |     0.044 |
|     memory_reg_768_1023_3_3   |     0.044 |
|     memory_reg_768_1023_4_4   |     0.041 |
|     memory_reg_768_1023_5_5   |     0.044 |
|     memory_reg_768_1023_6_6   |     0.043 |
|     memory_reg_768_1023_7_7   |     0.041 |
|     memory_reg_768_1023_8_8   |     0.046 |
|     memory_reg_768_1023_9_9   |     0.044 |
|   ex_mem                      |     5.416 |
|   hi_lo                       |     0.016 |
|   id_ex                       |     1.085 |
|   if_id                       |     0.286 |
|   im                          |     1.783 |
|   mem_to_reg                  |     0.368 |
|   mem_wb                      |     0.178 |
|   pc                          |     1.328 |
|   pc_adder                    |     0.082 |
|   pc_adder2                   |     0.149 |
|   pc_src                      |     0.154 |
|   reg_dst                     |     0.020 |
|   reg_file                    |     0.743 |
+-------------------------------+-----------+


