#-----------------------------------------------------------
# Vivado v2019.2.1 (64-bit)
# SW Build 2729669 on Thu Dec  5 04:49:17 MST 2019
# IP Build 2729494 on Thu Dec  5 07:38:25 MST 2019
# Start of session at: Wed Oct 20 01:29:07 2021
# Process ID: 7220
# Current directory: C:/Users/Nathaniel/Documents/_nrod968/School/ECE-369A/lab9-15
# Command line: vivado.exe -gui_launcher_event rodinguilauncherevent15404 C:\Users\Nathaniel\Documents\_nrod968\School\ECE-369A\lab9-15\lab9-15.xpr
# Log file: C:/Users/Nathaniel/Documents/_nrod968/School/ECE-369A/lab9-15/vivado.log
# Journal file: C:/Users/Nathaniel/Documents/_nrod968/School/ECE-369A/lab9-15\vivado.jou
#-----------------------------------------------------------
start_gui
open_project C:/Users/Nathaniel/Documents/_nrod968/School/ECE-369A/lab9-15/lab9-15.xpr
Scanning sources...
Finished scanning sources
INFO: [IP_Flow 19-234] Refreshing IP repositories
INFO: [IP_Flow 19-1704] No user IP repositories specified
INFO: [IP_Flow 19-2313] Loaded Vivado IP repository 'C:/Xilinx/Vivado/2019.2/data/ip'.
update_compile_order -fileset sources_1
launch_simulation
Command: launch_simulation 
INFO: [Vivado 12-5682] Launching behavioral simulation in 'C:/Users/Nathaniel/Documents/_nrod968/School/ECE-369A/lab9-15/lab9-15.sim/sim_1/behav/xsim'
INFO: [SIM-utils-51] Simulation object is 'sim_1'
INFO: [SIM-utils-54] Inspecting design source files for 'ALU32Bit_tb' in fileset 'sim_1'...
INFO: [USF-XSim-97] Finding global include files...
INFO: [USF-XSim-98] Fetching design files from 'sim_1'...
INFO: [USF-XSim-2] XSim::Compile design
INFO: [USF-XSim-61] Executing 'COMPILE and ANALYZE' step in 'C:/Users/Nathaniel/Documents/_nrod968/School/ECE-369A/lab9-15/lab9-15.sim/sim_1/behav/xsim'
"xvlog --incr --relax -prj ALU32Bit_tb_vlog.prj"
INFO: [VRFC 10-2263] Analyzing Verilog file "C:/Users/Nathaniel/Documents/_nrod968/School/ECE-369A/lab9-15/lab9-15.srcs/sources_1/new/ALU32Bit.v" into library xil_defaultlib
INFO: [VRFC 10-311] analyzing module ALU32Bit
INFO: [VRFC 10-2263] Analyzing Verilog file "C:/Users/Nathaniel/Documents/_nrod968/School/ECE-369A/lab9-15/lab9-15.srcs/sim_1/new/ALU32Bit_tb.v" into library xil_defaultlib
INFO: [VRFC 10-311] analyzing module ALU32Bit_tb
ERROR: [VRFC 10-4982] syntax error near 'end' [C:/Users/Nathaniel/Documents/_nrod968/School/ECE-369A/lab9-15/lab9-15.srcs/sim_1/new/ALU32Bit_tb.v:367]
ERROR: [VRFC 10-2790] Verilog 2000 keyword end used in incorrect context [C:/Users/Nathaniel/Documents/_nrod968/School/ECE-369A/lab9-15/lab9-15.srcs/sim_1/new/ALU32Bit_tb.v:367]
WARNING: [VRFC 10-526] concatenation with unsized literal; will interpret as 32 bits [C:/Users/Nathaniel/Documents/_nrod968/School/ECE-369A/lab9-15/lab9-15.srcs/sim_1/new/ALU32Bit_tb.v:317]
WARNING: [VRFC 10-526] concatenation with unsized literal; will interpret as 32 bits [C:/Users/Nathaniel/Documents/_nrod968/School/ECE-369A/lab9-15/lab9-15.srcs/sim_1/new/ALU32Bit_tb.v:322]
WARNING: [VRFC 10-526] concatenation with unsized literal; will interpret as 32 bits [C:/Users/Nathaniel/Documents/_nrod968/School/ECE-369A/lab9-15/lab9-15.srcs/sim_1/new/ALU32Bit_tb.v:327]
WARNING: [VRFC 10-526] concatenation with unsized literal; will interpret as 32 bits [C:/Users/Nathaniel/Documents/_nrod968/School/ECE-369A/lab9-15/lab9-15.srcs/sim_1/new/ALU32Bit_tb.v:332]
ERROR: [VRFC 10-2865] module 'ALU32Bit_tb' ignored due to previous errors [C:/Users/Nathaniel/Documents/_nrod968/School/ECE-369A/lab9-15/lab9-15.srcs/sim_1/new/ALU32Bit_tb.v:10]
INFO: [USF-XSim-69] 'compile' step finished in '1' seconds
INFO: [USF-XSim-99] Step results log file:'C:/Users/Nathaniel/Documents/_nrod968/School/ECE-369A/lab9-15/lab9-15.sim/sim_1/behav/xsim/xvlog.log'
ERROR: [USF-XSim-62] 'compile' step failed with error(s). Please check the Tcl console output or 'C:/Users/Nathaniel/Documents/_nrod968/School/ECE-369A/lab9-15/lab9-15.sim/sim_1/behav/xsim/xvlog.log' file for more information.
ERROR: [Vivado 12-4473] Detected error while running simulation. Please correct the issue and retry this operation.
ERROR: [Common 17-39] 'launch_simulation' failed due to earlier errors.
launch_simulation
Command: launch_simulation 
INFO: [Vivado 12-5682] Launching behavioral simulation in 'C:/Users/Nathaniel/Documents/_nrod968/School/ECE-369A/lab9-15/lab9-15.sim/sim_1/behav/xsim'
INFO: [SIM-utils-51] Simulation object is 'sim_1'
INFO: [SIM-utils-54] Inspecting design source files for 'ALU32Bit_tb' in fileset 'sim_1'...
INFO: [USF-XSim-97] Finding global include files...
INFO: [USF-XSim-98] Fetching design files from 'sim_1'...
INFO: [USF-XSim-2] XSim::Compile design
INFO: [USF-XSim-61] Executing 'COMPILE and ANALYZE' step in 'C:/Users/Nathaniel/Documents/_nrod968/School/ECE-369A/lab9-15/lab9-15.sim/sim_1/behav/xsim'
"xvlog --incr --relax -prj ALU32Bit_tb_vlog.prj"
INFO: [VRFC 10-2263] Analyzing Verilog file "C:/Users/Nathaniel/Documents/_nrod968/School/ECE-369A/lab9-15/lab9-15.srcs/sources_1/new/ALU32Bit.v" into library xil_defaultlib
INFO: [VRFC 10-311] analyzing module ALU32Bit
INFO: [VRFC 10-2263] Analyzing Verilog file "C:/Users/Nathaniel/Documents/_nrod968/School/ECE-369A/lab9-15/lab9-15.srcs/sim_1/new/ALU32Bit_tb.v" into library xil_defaultlib
INFO: [VRFC 10-311] analyzing module ALU32Bit_tb
WARNING: [VRFC 10-526] concatenation with unsized literal; will interpret as 32 bits [C:/Users/Nathaniel/Documents/_nrod968/School/ECE-369A/lab9-15/lab9-15.srcs/sim_1/new/ALU32Bit_tb.v:317]
WARNING: [VRFC 10-526] concatenation with unsized literal; will interpret as 32 bits [C:/Users/Nathaniel/Documents/_nrod968/School/ECE-369A/lab9-15/lab9-15.srcs/sim_1/new/ALU32Bit_tb.v:322]
WARNING: [VRFC 10-526] concatenation with unsized literal; will interpret as 32 bits [C:/Users/Nathaniel/Documents/_nrod968/School/ECE-369A/lab9-15/lab9-15.srcs/sim_1/new/ALU32Bit_tb.v:327]
WARNING: [VRFC 10-526] concatenation with unsized literal; will interpret as 32 bits [C:/Users/Nathaniel/Documents/_nrod968/School/ECE-369A/lab9-15/lab9-15.srcs/sim_1/new/ALU32Bit_tb.v:332]
INFO: [USF-XSim-69] 'compile' step finished in '1' seconds
INFO: [USF-XSim-3] XSim::Elaborate design
INFO: [USF-XSim-61] Executing 'ELABORATE' step in 'C:/Users/Nathaniel/Documents/_nrod968/School/ECE-369A/lab9-15/lab9-15.sim/sim_1/behav/xsim'
"xelab -wto 9a12db2147c04af8a24473a968ada1fb --incr --debug typical --relax --mt 2 -L xil_defaultlib -L unisims_ver -L unimacro_ver -L secureip --snapshot ALU32Bit_tb_behav xil_defaultlib.ALU32Bit_tb xil_defaultlib.glbl -log elaborate.log"
Vivado Simulator 2019.2
Copyright 1986-1999, 2001-2019 Xilinx, Inc. All Rights Reserved.
Running: C:/Xilinx/Vivado/2019.2/bin/unwrapped/win64.o/xelab.exe -wto 9a12db2147c04af8a24473a968ada1fb --incr --debug typical --relax --mt 2 -L xil_defaultlib -L unisims_ver -L unimacro_ver -L secureip --snapshot ALU32Bit_tb_behav xil_defaultlib.ALU32Bit_tb xil_defaultlib.glbl -log elaborate.log 
Using 2 slave threads.
Starting static elaboration
Pass Through NonSizing Optimizer
WARNING: [VRFC 10-526] concatenation with unsized literal; will interpret as 32 bits [C:/Users/Nathaniel/Documents/_nrod968/School/ECE-369A/lab9-15/lab9-15.srcs/sim_1/new/ALU32Bit_tb.v:317]
WARNING: [VRFC 10-526] concatenation with unsized literal; will interpret as 32 bits [C:/Users/Nathaniel/Documents/_nrod968/School/ECE-369A/lab9-15/lab9-15.srcs/sim_1/new/ALU32Bit_tb.v:322]
WARNING: [VRFC 10-526] concatenation with unsized literal; will interpret as 32 bits [C:/Users/Nathaniel/Documents/_nrod968/School/ECE-369A/lab9-15/lab9-15.srcs/sim_1/new/ALU32Bit_tb.v:327]
WARNING: [VRFC 10-526] concatenation with unsized literal; will interpret as 32 bits [C:/Users/Nathaniel/Documents/_nrod968/School/ECE-369A/lab9-15/lab9-15.srcs/sim_1/new/ALU32Bit_tb.v:332]
Completed static elaboration
Starting simulation data flow analysis
Completed simulation data flow analysis
Time Resolution for simulation is 1ps
Compiling module xil_defaultlib.ALU32Bit
Compiling module xil_defaultlib.ALU32Bit_tb
Compiling module xil_defaultlib.glbl
Built simulation snapshot ALU32Bit_tb_behav

****** Webtalk v2019.2.1 (64-bit)
  **** SW Build 2729669 on Thu Dec  5 04:49:17 MST 2019
  **** IP Build 2729494 on Thu Dec  5 07:38:25 MST 2019
    ** Copyright 1986-2019 Xilinx, Inc. All Rights Reserved.

source C:/Users/Nathaniel/Documents/_nrod968/School/ECE-369A/lab9-15/lab9-15.sim/sim_1/behav/xsim/xsim.dir/ALU32Bit_tb_behav/webtalk/xsim_webtalk.tcl -notrace
INFO: [Common 17-186] 'C:/Users/Nathaniel/Documents/_nrod968/School/ECE-369A/lab9-15/lab9-15.sim/sim_1/behav/xsim/xsim.dir/ALU32Bit_tb_behav/webtalk/usage_statistics_ext_xsim.xml' has been successfully sent to Xilinx on Wed Oct 20 01:39:01 2021. For additional details about this file, please refer to the WebTalk help file at C:/Xilinx/Vivado/2019.2/doc/webtalk_introduction.html.
INFO: [Common 17-206] Exiting Webtalk at Wed Oct 20 01:39:01 2021...
INFO: [USF-XSim-69] 'elaborate' step finished in '4' seconds
INFO: [USF-XSim-4] XSim::Simulate design
INFO: [USF-XSim-61] Executing 'SIMULATE' step in 'C:/Users/Nathaniel/Documents/_nrod968/School/ECE-369A/lab9-15/lab9-15.sim/sim_1/behav/xsim'
INFO: [USF-XSim-98] *** Running xsim
   with args "ALU32Bit_tb_behav -key {Behavioral:sim_1:Functional:ALU32Bit_tb} -tclbatch {ALU32Bit_tb.tcl} -log {simulate.log}"
INFO: [USF-XSim-8] Loading simulator feature
Vivado Simulator 2019.2
Time resolution is 1 ps
source ALU32Bit_tb.tcl
# set curr_wave [current_wave_config]
# if { [string length $curr_wave] == 0 } {
#   if { [llength [get_objects]] > 0} {
#     add_wave /
#     set_property needs_save false [current_wave_config]
#   } else {
#      send_msg_id Add_Wave-1 WARNING "No top level signals found. Simulator will start without a wave window. If you want to open a wave window go to 'File->New Waveform Configuration' or type 'create_wave_config' in the TCL console."
#   }
# }
# run 1000ns
INFO: [USF-XSim-96] XSim completed. Design snapshot 'ALU32Bit_tb_behav' loaded.
INFO: [USF-XSim-97] XSim simulation ran for 1000ns
launch_simulation: Time (s): cpu = 00:00:07 ; elapsed = 00:00:09 . Memory (MB): peak = 770.406 ; gain = 7.312
close_sim
INFO: [Simtcl 6-16] Simulation closed
exit
INFO: [Common 17-206] Exiting Vivado at Wed Oct 20 01:41:13 2021...
