#-----------------------------------------------------------
# Vivado v2019.2 (64-bit)
# SW Build 2708876 on Wed Nov  6 21:40:23 MST 2019
# IP Build 2700528 on Thu Nov  7 00:09:20 MST 2019
# Start of session at: Mon Oct  4 16:15:37 2021
# Process ID: 5856
# Current directory: C:/Users/hayes/Desktop/Programming Projects/ECE 369A Projects/ECE-369A/lab9-15
# Command line: vivado.exe -gui_launcher_event rodinguilauncherevent14328 C:\Users\hayes\Desktop\Programming Projects\ECE 369A Projects\ECE-369A\lab9-15\lab9-15.xpr
# Log file: C:/Users/hayes/Desktop/Programming Projects/ECE 369A Projects/ECE-369A/lab9-15/vivado.log
# Journal file: C:/Users/hayes/Desktop/Programming Projects/ECE 369A Projects/ECE-369A/lab9-15\vivado.jou
#-----------------------------------------------------------
start_gui
open_project {C:/Users/hayes/Desktop/Programming Projects/ECE 369A Projects/ECE-369A/lab9-15/lab9-15.xpr}
INFO: [Project 1-313] Project file moved from 'C:/Users/rodri/Documents/nrod968/School/2021_Fall/ECE-369A/lab9-15' since last save.
Scanning sources...
Finished scanning sources
INFO: [Project 1-230] Project 'lab9-15.xpr' upgraded for this version of Vivado.
INFO: [IP_Flow 19-234] Refreshing IP repositories
INFO: [IP_Flow 19-1704] No user IP repositories specified
INFO: [IP_Flow 19-2313] Loaded Vivado IP repository 'C:/Xilinx/Vivado/2019.2/data/ip'.
open_project: Time (s): cpu = 00:00:15 ; elapsed = 00:00:09 . Memory (MB): peak = 725.117 ; gain = 115.859
update_compile_order -fileset sources_1
